<?xml version="1.0" encoding="UTF-8"?>
<!-- Generated by org.testng.reporters.JUnitReportReporter -->
<testsuite hostname="LAPTOP-8MHAELBN" failures="0" tests="1" name="com.actitime.testscript.CustomerModule" time="0.020" errors="0" timestamp="05 Jun 2023 14:11:38 GMT" skipped="0">
  <testcase classname="com.actitime.testscript.CustomerModule" name="testcreateCustomer" time="0.020"/>
</testsuite> <!-- com.actitime.testscript.CustomerModule -->
